C51 COMPILER V9.60.7.0   HARDWARE                                                          09/27/2024 10:00:23 PAGE 1   


C51 COMPILER V9.60.7.0, COMPILATION OF MODULE HARDWARE
OBJECT MODULE PLACED IN .\Objects\hardware.obj
COMPILER INVOKED BY: D:\tool chain\keil c51 v6\C51\BIN\C51.EXE hardware.c LARGE OPTIMIZE(8,SPEED) BROWSE INCDIR(.\Device
                    -\Include;.\StdDriver\inc;.\RTX Tiny2\inc;.\TM1650;.\Application) DEFINE(FOSC_240000) DEBUG OBJECTEXTEND SYMBOLS PRINT(.\
                    -Listings\hardware.lst) TABS(2) OBJECT(.\Objects\hardware.obj)

line level    source

   1          #include "hardware.h"
   2          #include "button.h"
C51 COMPILER V9.60.7.0   HARDWARE                                                          09/27/2024 10:00:23 PAGE 2   

NAME                                    CLASS   MSPACE  TYPE    OFFSET  SIZE
====                                    =====   ======  ====    ======  ====


uint16_t . . . . . . . . . . . . . . .  TYPEDEF  -----  U_INT    -----  2
P0 . . . . . . . . . . . . . . . . . .  SFR      DATA   U_CHAR   0080H  1
P1 . . . . . . . . . . . . . . . . . .  SFR      DATA   U_CHAR   0090H  1
P2 . . . . . . . . . . . . . . . . . .  SFR      DATA   U_CHAR   00A0H  1
P3 . . . . . . . . . . . . . . . . . .  SFR      DATA   U_CHAR   00B0H  1
PWMCON0. . . . . . . . . . . . . . . .  SFR      DATA   U_CHAR   00D8H  1
IE . . . . . . . . . . . . . . . . . .  SFR      DATA   U_CHAR   00A8H  1
size_t . . . . . . . . . . . . . . . .  TYPEDEF  -----  U_INT    -----  2
IP . . . . . . . . . . . . . . . . . .  SFR      DATA   U_CHAR   00B8H  1
buttonState. . . . . . . . . . . . . .  * TAG *  -----  STRUCT   -----  7
  cod. . . . . . . . . . . . . . . . .  MEMBER   -----  U_CHAR   0000H  1
  dur. . . . . . . . . . . . . . . . .  MEMBER   -----  U_INT    0001H  2
  start. . . . . . . . . . . . . . . .  MEMBER   -----  U_INT    0003H  2
  end. . . . . . . . . . . . . . . . .  MEMBER   -----  U_INT    0005H  2
UINT32 . . . . . . . . . . . . . . . .  TYPEDEF  -----  U_LONG   -----  4
UINT16 . . . . . . . . . . . . . . . .  TYPEDEF  -----  U_INT    -----  2
SCON . . . . . . . . . . . . . . . . .  SFR      DATA   U_CHAR   0098H  1
TCON . . . . . . . . . . . . . . . . .  SFR      DATA   U_CHAR   0088H  1
SCON_1 . . . . . . . . . . . . . . . .  SFR      DATA   U_CHAR   00F8H  1
uint8_t. . . . . . . . . . . . . . . .  TYPEDEF  -----  U_CHAR   -----  1
ADCCON0. . . . . . . . . . . . . . . .  SFR      DATA   U_CHAR   00E8H  1
I2CON. . . . . . . . . . . . . . . . .  SFR      DATA   U_CHAR   00C0H  1
BIT. . . . . . . . . . . . . . . . . .  TYPEDEF  -----  BIT      -----  1
T2CON. . . . . . . . . . . . . . . . .  SFR      DATA   U_CHAR   00C8H  1
UINT8. . . . . . . . . . . . . . . . .  TYPEDEF  -----  U_CHAR   -----  1
PSW. . . . . . . . . . . . . . . . . .  SFR      DATA   U_CHAR   00D0H  1
uint32_t . . . . . . . . . . . . . . .  TYPEDEF  -----  U_LONG   -----  4


MODULE INFORMATION:   STATIC OVERLAYABLE
   CODE SIZE        =   ----    ----
   CONSTANT SIZE    =   ----    ----
   XDATA SIZE       =   ----    ----
   PDATA SIZE       =   ----    ----
   DATA SIZE        =   ----    ----
   IDATA SIZE       =   ----    ----
   BIT SIZE         =   ----    ----
END OF MODULE INFORMATION.


C51 COMPILATION COMPLETE.  0 WARNING(S),  0 ERROR(S)
