C51 COMPILER V9.60.7.0   NV                                                                09/20/2024 14:38:20 PAGE 1   


C51 COMPILER V9.60.7.0, COMPILATION OF MODULE NV
OBJECT MODULE PLACED IN .\Objects\nv.obj
COMPILER INVOKED BY: D:\tool chain\keil c51 v6\C51\BIN\C51.EXE nv.c LARGE OPTIMIZE(0,SPEED) BROWSE INCDIR(.\Device\Inclu
                    -de;.\StdDriver\inc;.\RTX Tiny2\inc;.\TM1650;.\Application) DEFINE(FOSC_240000) DEBUG OBJECTEXTEND SYMBOLS PRINT(.\Listin
                    -gs\nv.lst) TABS(2) OBJECT(.\Objects\nv.obj)

line level    source

   1          #include <MS51_16K.H>
   2          #include "nv.h"
   3          #include "iap.h"
   4          #include "common.h"
   5          #include "MS51_16K.h"
   6          
   7          void flushFlash()
   8          {
   9   1        Erase_APROM(DATA_START_ADDR,128);
  10   1        Erase_Verify_APROM(DATA_START_ADDR,128);
  11   1        Program_APROM(DATA_START_ADDR,128);
  12   1        Program_Verify_APROM(DATA_START_ADDR,128);
  13   1        return;
  14   1      }
C51 COMPILER V9.60.7.0   NV                                                                09/20/2024 14:38:20 PAGE 2   

NAME                                    CLASS   MSPACE  TYPE    OFFSET  SIZE
====                                    =====   ======  ====    ======  ====


uint16_t . . . . . . . . . . . . . . .  TYPEDEF  -----  U_INT    -----  2
P0 . . . . . . . . . . . . . . . . . .  SFR      DATA   U_CHAR   0080H  1
P1 . . . . . . . . . . . . . . . . . .  SFR      DATA   U_CHAR   0090H  1
P2 . . . . . . . . . . . . . . . . . .  SFR      DATA   U_CHAR   00A0H  1
P3 . . . . . . . . . . . . . . . . . .  SFR      DATA   U_CHAR   00B0H  1
PWMCON0. . . . . . . . . . . . . . . .  SFR      DATA   U_CHAR   00D8H  1
IE . . . . . . . . . . . . . . . . . .  SFR      DATA   U_CHAR   00A8H  1
size_t . . . . . . . . . . . . . . . .  TYPEDEF  -----  U_INT    -----  2
flushFlash . . . . . . . . . . . . . .  PUBLIC   CODE   PROC     0000H  -----
_Program_Verify_APROM. . . . . . . . .  EXTERN   CODE   PROC     -----  -----
IP . . . . . . . . . . . . . . . . . .  SFR      DATA   U_CHAR   00B8H  1
UINT32 . . . . . . . . . . . . . . . .  TYPEDEF  -----  U_LONG   -----  4
UINT16 . . . . . . . . . . . . . . . .  TYPEDEF  -----  U_INT    -----  2
_Erase_Verify_APROM. . . . . . . . . .  EXTERN   CODE   PROC     -----  -----
SCON . . . . . . . . . . . . . . . . .  SFR      DATA   U_CHAR   0098H  1
TCON . . . . . . . . . . . . . . . . .  SFR      DATA   U_CHAR   0088H  1
_Program_APROM . . . . . . . . . . . .  EXTERN   CODE   PROC     -----  -----
SCON_1 . . . . . . . . . . . . . . . .  SFR      DATA   U_CHAR   00F8H  1
uint8_t. . . . . . . . . . . . . . . .  TYPEDEF  -----  U_CHAR   -----  1
_Erase_APROM . . . . . . . . . . . . .  EXTERN   CODE   PROC     -----  -----
ADCCON0. . . . . . . . . . . . . . . .  SFR      DATA   U_CHAR   00E8H  1
I2CON. . . . . . . . . . . . . . . . .  SFR      DATA   U_CHAR   00C0H  1
BIT. . . . . . . . . . . . . . . . . .  TYPEDEF  -----  BIT      -----  1
T2CON. . . . . . . . . . . . . . . . .  SFR      DATA   U_CHAR   00C8H  1
UINT8. . . . . . . . . . . . . . . . .  TYPEDEF  -----  U_CHAR   -----  1
PSW. . . . . . . . . . . . . . . . . .  SFR      DATA   U_CHAR   00D0H  1
uint32_t . . . . . . . . . . . . . . .  TYPEDEF  -----  U_LONG   -----  4


MODULE INFORMATION:   STATIC OVERLAYABLE
   CODE SIZE        =     45    ----
   CONSTANT SIZE    =   ----    ----
   XDATA SIZE       =   ----    ----
   PDATA SIZE       =   ----    ----
   DATA SIZE        =   ----    ----
   IDATA SIZE       =   ----    ----
   BIT SIZE         =   ----    ----
END OF MODULE INFORMATION.


C51 COMPILATION COMPLETE.  0 WARNING(S),  0 ERROR(S)
