C51 COMPILER V9.60.7.0   OUTPUT                                                            09/27/2024 10:00:24 PAGE 1   


C51 COMPILER V9.60.7.0, COMPILATION OF MODULE OUTPUT
OBJECT MODULE PLACED IN .\Objects\output.obj
COMPILER INVOKED BY: D:\tool chain\keil c51 v6\C51\BIN\C51.EXE Application\output.c LARGE OPTIMIZE(8,SPEED) BROWSE INCDI
                    -R(.\Device\Include;.\StdDriver\inc;.\RTX Tiny2\inc;.\TM1650;.\Application) DEFINE(FOSC_240000) DEBUG OBJECTEXTEND SYMBOL
                    -S PRINT(.\Listings\output.lst) TABS(2) OBJECT(.\Objects\output.obj)

line level    source

   1          #include "output.h"
   2          #include "systick.h"
   3          
   4          void input_signal_init()
   5          {
   6   1        P12_QUASI_MODE;
   7   1        P13_QUASI_MODE;
   8   1        P17_QUASI_MODE;
   9   1        P30_QUASI_MODE;
  10   1        P03_PUSHPULL_MODE;
  11   1        P07_PUSHPULL_MODE;
  12   1      }
  13          
  14          void beeper_signal_effective()
  15          {
  16   1        beeper = 1;
  17   1      }
  18          
  19          void beeper_signal_ineffective()
  20          {
  21   1        beeper = 0;
  22   1      }
  23          
  24          void relay_effective()
  25          {
  26   1        relay = 1;
  27   1      }
  28          
  29          void relay_ineffective()
  30          {
  31   1        relay = 0;
  32   1      }
  33          
  34          unsigned char external_button_poll_blocked(void)
  35          {
  36   1          if (start_ex_button == 0)
  37   1          {
  38   2              Timer1_Delay2Dot54ms_blocked(get_Timer1_Systemtick(), 10);
  39   2              if (start_ex_button == 0)
  40   2                return RF_START_BUTTON;
  41   2          }
  42   1          else if(stop_ex_button == 0)
  43   1          {
  44   2              Timer1_Delay2Dot54ms_blocked(get_Timer1_Systemtick(), 10);
  45   2              if (stop_ex_button == 0)
  46   2                return RF_STOP_BUTTON;
  47   2          }
  48   1          else if(collaborate_ex_button == 0)
  49   1          {
  50   2            Timer1_Delay2Dot54ms_blocked(get_Timer1_Systemtick(), 10);
  51   2            if (collaborate_ex_button == 0)
  52   2              return RF_START_BUTTON;
  53   2          }
C51 COMPILER V9.60.7.0   OUTPUT                                                            09/27/2024 10:00:24 PAGE 2   

  54   1          return 0;
  55   1      }
C51 COMPILER V9.60.7.0   OUTPUT                                                            09/27/2024 10:00:24 PAGE 3   

NAME                                    CLASS   MSPACE  TYPE    OFFSET  SIZE
====                                    =====   ======  ====    ======  ====


P0M1 . . . . . . . . . . . . . . . . .  SFR      DATA   U_CHAR   00B1H  1
uint16_t . . . . . . . . . . . . . . .  TYPEDEF  -----  U_INT    -----  2
P1M1 . . . . . . . . . . . . . . . . .  SFR      DATA   U_CHAR   00B3H  1
P0M2 . . . . . . . . . . . . . . . . .  SFR      DATA   U_CHAR   00B2H  1
P0 . . . . . . . . . . . . . . . . . .  SFR      DATA   U_CHAR   0080H  1
P1M2 . . . . . . . . . . . . . . . . .  SFR      DATA   U_CHAR   00B4H  1
P1 . . . . . . . . . . . . . . . . . .  SFR      DATA   U_CHAR   0090H  1
P3M1 . . . . . . . . . . . . . . . . .  SFR      DATA   U_CHAR   00ACH  1
P2 . . . . . . . . . . . . . . . . . .  SFR      DATA   U_CHAR   00A0H  1
P3 . . . . . . . . . . . . . . . . . .  SFR      DATA   U_CHAR   00B0H  1
P3M2 . . . . . . . . . . . . . . . . .  SFR      DATA   U_CHAR   00ADH  1
EA . . . . . . . . . . . . . . . . . .  ABSBIT   -----  BIT      00AFH  1
PWMCON0. . . . . . . . . . . . . . . .  SFR      DATA   U_CHAR   00D8H  1
stop_ex_button . . . . . . . . . . . .  ABSBIT   -----  BIT      0093H  1
IE . . . . . . . . . . . . . . . . . .  SFR      DATA   U_CHAR   00A8H  1
relay_ineffective. . . . . . . . . . .  PUBLIC   CODE   PROC     0000H  -----
size_t . . . . . . . . . . . . . . . .  TYPEDEF  -----  U_INT    -----  2
TA . . . . . . . . . . . . . . . . . .  SFR      DATA   U_CHAR   00C7H  1
IP . . . . . . . . . . . . . . . . . .  SFR      DATA   U_CHAR   00B8H  1
relay. . . . . . . . . . . . . . . . .  ABSBIT   -----  BIT      0087H  1
UINT32 . . . . . . . . . . . . . . . .  TYPEDEF  -----  U_LONG   -----  4
UINT16 . . . . . . . . . . . . . . . .  TYPEDEF  -----  U_INT    -----  2
input_signal_init. . . . . . . . . . .  PUBLIC   CODE   PROC     0000H  -----
BIT_TMP. . . . . . . . . . . . . . . .  EXTERN   DATA   BIT      -----  1
SCON . . . . . . . . . . . . . . . . .  SFR      DATA   U_CHAR   0098H  1
TCON . . . . . . . . . . . . . . . . .  SFR      DATA   U_CHAR   0088H  1
relay_effective. . . . . . . . . . . .  PUBLIC   CODE   PROC     0000H  -----
external_button_poll_blocked . . . . .  PUBLIC   CODE   PROC     0000H  -----
SFRS . . . . . . . . . . . . . . . . .  SFR      DATA   U_CHAR   0091H  1
SCON_1 . . . . . . . . . . . . . . . .  SFR      DATA   U_CHAR   00F8H  1
beeper_signal_ineffective. . . . . . .  PUBLIC   CODE   PROC     0000H  -----
collaborate_ex_button. . . . . . . . .  ABSBIT   -----  BIT      0097H  1
uint8_t. . . . . . . . . . . . . . . .  TYPEDEF  -----  U_CHAR   -----  1
ADCCON0. . . . . . . . . . . . . . . .  SFR      DATA   U_CHAR   00E8H  1
I2CON. . . . . . . . . . . . . . . . .  SFR      DATA   U_CHAR   00C0H  1
BIT. . . . . . . . . . . . . . . . . .  TYPEDEF  -----  BIT      -----  1
T2CON. . . . . . . . . . . . . . . . .  SFR      DATA   U_CHAR   00C8H  1
_Timer1_Delay2Dot54ms_blocked. . . . .  EXTERN   CODE   PROC     -----  -----
get_Timer1_Systemtick. . . . . . . . .  EXTERN   CODE   PROC     -----  -----
start_ex_button. . . . . . . . . . . .  ABSBIT   -----  BIT      0092H  1
beeper_signal_effective. . . . . . . .  PUBLIC   CODE   PROC     0000H  -----
beeper . . . . . . . . . . . . . . . .  ABSBIT   -----  BIT      0083H  1
UINT8. . . . . . . . . . . . . . . . .  TYPEDEF  -----  U_CHAR   -----  1
PSW. . . . . . . . . . . . . . . . . .  SFR      DATA   U_CHAR   00D0H  1
uint32_t . . . . . . . . . . . . . . .  TYPEDEF  -----  U_LONG   -----  4


MODULE INFORMATION:   STATIC OVERLAYABLE
   CODE SIZE        =    284    ----
   CONSTANT SIZE    =   ----    ----
   XDATA SIZE       =   ----    ----
   PDATA SIZE       =   ----    ----
   DATA SIZE        =   ----    ----
   IDATA SIZE       =   ----    ----
   BIT SIZE         =   ----    ----
END OF MODULE INFORMATION.


C51 COMPILATION COMPLETE.  0 WARNING(S),  0 ERROR(S)
