C51 COMPILER V9.60.7.0   SPI                                                               08/26/2024 13:43:12 PAGE 1   


C51 COMPILER V9.60.7.0, COMPILATION OF MODULE SPI
OBJECT MODULE PLACED IN .\Objects\spi.obj
COMPILER INVOKED BY: D:\tool chain\keil c51\C51\BIN\C51.EXE StdDriver\src\spi.c OPTIMIZE(8,SPEED) BROWSE INCDIR(.\Device
                    -\Include;.\StdDriver\inc) DEFINE(FOSC_160000) DEBUG OBJECTEXTEND PRINT(.\Listings\spi.lst) TABS(2) OBJECT(.\Objects\spi.
                    -obj)

line level    source

   1          /*--------------------------------------------------------------------------------------------------------
             --*/
   2          /*                                                                                                        
             - */
   3          /* Copyright(c) 2020 Nuvoton Technology Corp. All rights reserved.                                        
             - */
   4          /*                                                                                                        
             - */
   5          /*--------------------------------------------------------------------------------------------------------
             --*/
   6          
   7          //********************************************************************************************************
             -***
   8          //  Library File Function: MS51 Access SPI Flash (W25Q16BV)
   9          //********************************************************************************************************
             -***
  10          
  11          #include "MS51_16K.h"
  12          
  13          /****************************************************************/
  14          void Spi_Write_Byte(unsigned char u8SpiWB)
  15          {
  16   1          SPDR = u8SpiWB;
  17   1          while(!(SPSR&0x80));
  18   1          clr_SPSR_SPIF;
  19   1      }
  20          /****************************************************************/
  21          unsigned char Spi_Read_Byte(unsigned char u8SpiWB)
  22          {
  23   1          unsigned char u8SpiRB;
  24   1          SPDR = u8SpiWB;
  25   1          while(!(SPSR&0x80));
  26   1          u8SpiRB = SPDR;
  27   1          clr_SPSR_SPIF;
  28   1          return u8SpiRB;
  29   1      }


MODULE INFORMATION:   STATIC OVERLAYABLE
   CODE SIZE        =     24    ----
   CONSTANT SIZE    =   ----    ----
   XDATA SIZE       =   ----    ----
   PDATA SIZE       =   ----    ----
   DATA SIZE        =   ----    ----
   IDATA SIZE       =   ----    ----
   BIT SIZE         =   ----    ----
END OF MODULE INFORMATION.


C51 COMPILATION COMPLETE.  0 WARNING(S),  0 ERROR(S)
