C51 COMPILER V9.60.7.0   TIMER                                                             09/19/2024 19:47:36 PAGE 1   


C51 COMPILER V9.60.7.0, COMPILATION OF MODULE TIMER
OBJECT MODULE PLACED IN .\Objects\timer.obj
COMPILER INVOKED BY: D:\tool chain\keil c51 v6\C51\BIN\C51.EXE StdDriver\src\timer.c LARGE OPTIMIZE(0,SPEED) BROWSE INCD
                    -IR(.\Device\Include;.\StdDriver\inc;.\RTX Tiny2\inc;.\TM1650;.\Application) DEFINE(FOSC_240000) DEBUG OBJECTEXTEND SYMBO
                    -LS PRINT(.\Listings\timer.lst) TABS(2) OBJECT(.\Objects\timer.obj)

line level    source

   1          /*--------------------------------------------------------------------------------------------------------
             --*/
   2          /*                                                                                                        
             - */
   3          /* Copyright(c) 2020 nuvoton Technology Corp. All rights reserved.                                        
             - */
   4          /*                                                                                                        
             - */
   5          /*--------------------------------------------------------------------------------------------------------
             --*/
   6          
   7          /*********************************************************************************************************
             -**/
   8          /*  Website: http://www.nuvoton.com                                                                       
             - */
   9          /*  E-Mail : MicroC-8bit@nuvoton.com                                                                      
             - */
  10          /*  Date   : Jan/21/2020                                                                                  
             - */
  11          /*********************************************************************************************************
             -**/
  12           #include "timer.h"
  13          
  14          #if 0
              //-------------------------------------------------------------------------
              void Timer0_Delay100us(UINT32 u32CNT)
              {
                  clr_CKCON_T0M;                                    //T0M=0, Timer0 Clock = Fsys/12
                  TMOD |= 0x01;                               //Timer0 is 16-bit mode
                  set_TCON_TR0;                                    //Start Timer0
                  while (u32CNT != 0)
                  {
                      TL0 = LOBYTE(TIMER_DIV12_VALUE_100us);  //Find  define in "Function_define.h" "TIMER VALUE"
                      TH0 = HIBYTE(TIMER_DIV12_VALUE_100us);
                      while (TF0 != 1);                       //Check Timer0 Time-Out Flag
                      clr_TCON_TF0;
                      u32CNT --;
                  }
                  clr_TCON_TR0;                                     //Stop Timer0
              }
              //------------------------------------------------------------------------------
              void Timer0_Delay1ms(UINT32 u32CNT)
              {
                  clr_CKCON_T0M;                                    //T0M=0, Timer0 Clock = Fsys/12
                  TMOD |= 0x01;                               //Timer0 is 16-bit mode
              
                  while (u32CNT != 0)
                  {
                      TL0 = LOBYTE(TIMER_DIV12_VALUE_1ms);     //Find  define in "Function_define.h" "TIMER VALUE"
                      TH0 = HIBYTE(TIMER_DIV12_VALUE_1ms);
                       set_TCON_TR0;                                    //Start Timer0
                      while (TF0 != 1);                       //Check Timer0 Time-Out Flag
                      clr_TCON_TF0;
C51 COMPILER V9.60.7.0   TIMER                                                             09/19/2024 19:47:36 PAGE 2   

                      u32CNT --;
                  }
                  clr_TCON_TR0;                                    //Stop Timer0
              }
              //------------------------------------------------------------------------------
              void Timer1_Delay10ms(UINT32 u32CNT)
              {
                  clr_CKCON_T1M;                                    //T1M=0, Timer1 Clock = Fsys/12
                  TMOD |= 0x10;                                //Timer1 is 16-bit mode
                  set_TCON_TR1;                                    //Start Timer1
                  while (u32CNT != 0)
                  {
                      TL1 = LOBYTE(TIMER_DIV12_VALUE_10ms);    //Find  define in "Function_define.h" "TIMER VALUE"
                      TH1 = HIBYTE(TIMER_DIV12_VALUE_10ms);
                      while (TF1 != 1);                        //Check Timer1 Time-Out Flag
                      clr_TCON_TF1;
                      u32CNT --;
                  }
                  clr_TCON_TR1;                                     //Stop Timer1
              }
              //------------------------------------------------------------------------------
              
              void Timer2_Delay500us(UINT8 u8CNT)
              {
                  SFRS = 0;
                  T2MOD&=0x8F;T2MOD|=0x10;                                   //Timer2 Clock = Fsys/4 
                  clr_T2CON_CMRL2;
                  set_T2MOD_LDEN;
                  set_T2MOD_CMPCRO;
              
                  while (u8CNT != 0)
                  {
                      TL2 = LOBYTE(TIMER_DIV4_VALUE_500us);    //Find  define in "Function_define.h" "TIMER VALUE"
                      TH2 = HIBYTE(TIMER_DIV4_VALUE_500us);
                      set_T2CON_TR2;
                      while (TF2 == 0);                       //Check Timer2 Time-Out Flag
                      clr_T2CON_TF2;
                      u8CNT --;
                  }
                  clr_T2CON_TR2;                                    //Stop Timer2
              }
              #endif
  86          
  87          void Timer2_Delay1ms(unsigned char u8CNT)
  88          {
  89   1          SFRS = 0;
  90   1          T2MOD&=0x8F;T2MOD|=0x10;                                   //Timer2 Clock = Fsys/4 
  91   1          clr_T2CON_CMRL2;
  92   1          set_T2MOD_LDEN;
  93   1          set_T2MOD_CMPCR;
  94   1      
  95   1          while (u8CNT != 0)
  96   1          {        TL2 = LOBYTE(TIMER_DIV4_VALUE_1ms);    //Find  define in "Function_define.h" "TIMER VALUE"
  97   2              TH2 = HIBYTE(TIMER_DIV4_VALUE_1ms);
  98   2              set_T2CON_TR2;
  99   2              while (TF2 == 0);                       //Check Timer2 Time-Out Flag
 100   2              clr_T2CON_TF2;
 101   2              u8CNT --;
 102   2          }
 103   1          clr_T2CON_TR2;                                    //Stop Timer2
 104   1      }
 105          #if 0
C51 COMPILER V9.60.7.0   TIMER                                                             09/19/2024 19:47:36 PAGE 3   

              //------------------------------------------------------------------------------
              void Timer3_Delay100ms(UINT32 u32CNT)
              {
                  T3CON = 0x07;                               //Timer3 Clock = Fsys/128
                  set_T3CON_TR3;                                    //Trigger Timer3
                  while (u32CNT != 0)
                  {
                      RL3 = LOBYTE(TIMER_DIV128_VALUE_100ms); //Find  define in "Function_define.h" "TIMER VALUE"
                      RH3 = HIBYTE(TIMER_DIV128_VALUE_100ms);
                      while ((T3CON&SET_BIT4) != SET_BIT4);    //Check Timer3 Time-Out Flag
                      clr_T3CON_TF3;
                      u32CNT --;
                  }
                  clr_T3CON_TR3;                                    //Stop Timer3
              }
              //------------------------------------------------------------------------------
              void Timer3_Delay10us(UINT32 u32CNT)
              {
                  T3CON = 0x02;                               //Timer3 Clock = Fsys/4
                  set_T3CON_TR3;                                    //Trigger Timer3
                  while (u32CNT != 0)
                  {
                      RL3 = LOBYTE(TIMER_DIV4_VALUE_10us); //Find  define in "Function_define.h" "TIMER VALUE"
                      RH3 = HIBYTE(TIMER_DIV4_VALUE_10us);
                      while ((T3CON&SET_BIT4) != SET_BIT4);    //Check Timer3 Time-Out Flag
                      clr_T3CON_TF3;
                      u32CNT --;
                  }
                  clr_T3CON_TR3;                                    //Stop Timer3
              }
              #endif
 137          
C51 COMPILER V9.60.7.0   TIMER                                                             09/19/2024 19:47:36 PAGE 4   

NAME                                    CLASS   MSPACE  TYPE    OFFSET  SIZE
====                                    =====   ======  ====    ======  ====


uint16_t . . . . . . . . . . . . . . .  TYPEDEF  -----  U_INT    -----  2
P0 . . . . . . . . . . . . . . . . . .  SFR      DATA   U_CHAR   0080H  1
P1 . . . . . . . . . . . . . . . . . .  SFR      DATA   U_CHAR   0090H  1
P2 . . . . . . . . . . . . . . . . . .  SFR      DATA   U_CHAR   00A0H  1
P3 . . . . . . . . . . . . . . . . . .  SFR      DATA   U_CHAR   00B0H  1
PWMCON0. . . . . . . . . . . . . . . .  SFR      DATA   U_CHAR   00D8H  1
IE . . . . . . . . . . . . . . . . . .  SFR      DATA   U_CHAR   00A8H  1
size_t . . . . . . . . . . . . . . . .  TYPEDEF  -----  U_INT    -----  2
IP . . . . . . . . . . . . . . . . . .  SFR      DATA   U_CHAR   00B8H  1
_Timer2_Delay1ms . . . . . . . . . . .  PUBLIC   CODE   PROC     0000H  -----
  u8CNT. . . . . . . . . . . . . . . .  AUTO     XDATA  U_CHAR   0000H  1
UINT32 . . . . . . . . . . . . . . . .  TYPEDEF  -----  U_LONG   -----  4
UINT16 . . . . . . . . . . . . . . . .  TYPEDEF  -----  U_INT    -----  2
SCON . . . . . . . . . . . . . . . . .  SFR      DATA   U_CHAR   0098H  1
TCON . . . . . . . . . . . . . . . . .  SFR      DATA   U_CHAR   0088H  1
SFRS . . . . . . . . . . . . . . . . .  SFR      DATA   U_CHAR   0091H  1
CM_RL2 . . . . . . . . . . . . . . . .  ABSBIT   -----  BIT      00C8H  1
SCON_1 . . . . . . . . . . . . . . . .  SFR      DATA   U_CHAR   00F8H  1
TF2. . . . . . . . . . . . . . . . . .  ABSBIT   -----  BIT      00CFH  1
TH2. . . . . . . . . . . . . . . . . .  SFR      DATA   U_CHAR   00CDH  1
uint8_t. . . . . . . . . . . . . . . .  TYPEDEF  -----  U_CHAR   -----  1
TL2. . . . . . . . . . . . . . . . . .  SFR      DATA   U_CHAR   00CCH  1
TR2. . . . . . . . . . . . . . . . . .  ABSBIT   -----  BIT      00CAH  1
ADCCON0. . . . . . . . . . . . . . . .  SFR      DATA   U_CHAR   00E8H  1
I2CON. . . . . . . . . . . . . . . . .  SFR      DATA   U_CHAR   00C0H  1
BIT. . . . . . . . . . . . . . . . . .  TYPEDEF  -----  BIT      -----  1
T2MOD. . . . . . . . . . . . . . . . .  SFR      DATA   U_CHAR   00C9H  1
T2CON. . . . . . . . . . . . . . . . .  SFR      DATA   U_CHAR   00C8H  1
UINT8. . . . . . . . . . . . . . . . .  TYPEDEF  -----  U_CHAR   -----  1
PSW. . . . . . . . . . . . . . . . . .  SFR      DATA   U_CHAR   00D0H  1
uint32_t . . . . . . . . . . . . . . .  TYPEDEF  -----  U_LONG   -----  4


MODULE INFORMATION:   STATIC OVERLAYABLE
   CODE SIZE        =     53    ----
   CONSTANT SIZE    =   ----    ----
   XDATA SIZE       =      1    ----
   PDATA SIZE       =   ----    ----
   DATA SIZE        =   ----    ----
   IDATA SIZE       =   ----    ----
   BIT SIZE         =   ----    ----
END OF MODULE INFORMATION.


C51 COMPILATION COMPLETE.  0 WARNING(S),  0 ERROR(S)
