C51 COMPILER V9.60.7.0   TM1650                                                            08/28/2024 18:58:45 PAGE 1   


C51 COMPILER V9.60.7.0, COMPILATION OF MODULE TM1650
OBJECT MODULE PLACED IN .\Objects\tm1650.obj
COMPILER INVOKED BY: D:\tool chain\keil c51 v6\C51\BIN\C51.EXE tm1650.c OPTIMIZE(8,SPEED) BROWSE INCDIR(.\Device\Include
                    -;.\StdDriver\inc;.\tm1650;.\RTX Tiny2\inc) DEFINE(FOSC_240000) DEBUG OBJECTEXTEND PRINT(.\Listings\tm1650.lst) TABS(2) O
                    -BJECT(.\Objects\tm1650.obj)

line level    source

   1          #include "tm1650.h"
   2          
   3          
   4          
   5          void i2c_start() {
   6   1          SDA = 1;
   7   1          SCL = 1;
   8   1          _nop_();
   9   1          _nop_();
  10   1          SDA = 0;
  11   1          _nop_();
  12   1          _nop_();
  13   1          SCL = 0;
  14   1      }
  15          
  16          void i2c_stop() {
  17   1          SDA = 0;
  18   1          SCL = 1;
  19   1          _nop_();
  20   1          _nop_();
  21   1          SDA = 1;
  22   1      }
  23          
  24          void i2c_send_byte(unsigned char dat) {
  25   1          unsigned char i;
  26   1          for (i = 0; i < 8; i++) {
  27   2              SDA = (dat & 0x80)? 1 : 0;
  28   2              dat <<= 1;
  29   2              _nop_();
  30   2              SCL = 1;
  31   2              _nop_();
  32   2              _nop_();
  33   2              SCL = 0;
  34   2          }
  35   1          SDA = 1;
  36   1          _nop_();
  37   1          SCL = 1;
  38   1          _nop_();
  39   1          _nop_();
  40   1          SCL = 0;
  41   1      }
  42          
  43          unsigned char i2c_read_byte() {
  44   1          unsigned char i, dat = 0;
  45   1          SDA = 1;
  46   1          for (i = 0; i < 8; i++) {
  47   2              dat <<= 1;
  48   2              SCL = 1;
  49   2              _nop_();
  50   2              _nop_();
  51   2              if (SDA) dat |= 0x01;
  52   2              SCL = 0;
  53   2              _nop_();
C51 COMPILER V9.60.7.0   TM1650                                                            08/28/2024 18:58:45 PAGE 2   

  54   2              _nop_();
  55   2          }
  56   1          return dat;
  57   1      }
  58          
  59          void tm1650_write_dat(unsigned char addr, unsigned char dat) {
  60   1          i2c_start();
  61   1          i2c_send_byte(TM1650_ADDR);
  62   1          i2c_send_byte(addr);
  63   1          i2c_send_byte(dat);
  64   1          i2c_stop();
  65   1      }
  66          
  67          unsigned char tm1650_read_dat(unsigned char addr) {
  68   1          unsigned char dat;
  69   1          i2c_start();
  70   1          i2c_send_byte(TM1650_ADDR);
  71   1          i2c_send_byte(addr);
  72   1          i2c_start();
  73   1          i2c_send_byte(TM1650_ADDR | 0x01);
  74   1          dat = i2c_read_byte();
  75   1          i2c_stop();
  76   1          return dat;
  77   1      }


MODULE INFORMATION:   STATIC OVERLAYABLE
   CODE SIZE        =    139    ----
   CONSTANT SIZE    =   ----    ----
   XDATA SIZE       =   ----    ----
   PDATA SIZE       =   ----    ----
   DATA SIZE        =   ----    ----
   IDATA SIZE       =   ----    ----
   BIT SIZE         =   ----    ----
END OF MODULE INFORMATION.


C51 COMPILATION COMPLETE.  0 WARNING(S),  0 ERROR(S)
